# JRE version: 7.0_11-b21
# Java VM: Java HotSpot(TM) Client VM (23.6-b04 mixed mode, sharing windows-x86 )
Heap
 def new generation   total 4928K, used 3803K [0x24230000, 0x24780000, 0x29780000)
  eden space 4416K,  81% used [0x24230000, 0x245b0640, 0x24680000)
  from space 512K,  42% used [0x24700000, 0x247367e0, 0x24780000)
  to   space 512K,   0% used [0x24680000, 0x24680000, 0x24700000)
 tenured generation   total 10944K, used 1273K [0x29780000, 0x2a230000, 0x34230000)
   the space 10944K,  11% used [0x29780000, 0x298be770, 0x298be800, 0x2a230000)
 compacting perm gen  total 12288K, used 1939K [0x34230000, 0x34e30000, 0x38230000)
   the space 12288K,  15% used [0x34230000, 0x34414dc0, 0x34414e00, 0x34e30000)
    ro space 10240K,  45% used [0x38230000, 0x386b6280, 0x386b6400, 0x38c30000)
    rw space 12288K,  54% used [0x38c30000, 0x392b91b0, 0x392b9200, 0x39830000)
GC Heap History (10 events):
Event: 40.105 GC heap before
{Heap before GC invocations=2 (full 0):
 def new generation   total 4928K, used 4806K [0x24230000, 0x24780000, 0x29780000)
  eden space 4416K, 100% used [0x24230000, 0x24680000, 0x24680000)
  from space 512K,  76% used [0x24680000, 0x246e1b98, 0x24700000)
  to   space 512K,   0% used [0x24700000, 0x24700000, 0x24780000)
 tenured generation   total 10944K, used 1023K [0x29780000, 0x2a230000, 0x34230000)
   the space 10944K,   9% used [0x29780000, 0x2987fd70, 0x2987fe00, 0x2a230000)
 compacting perm gen  total 12288K, used 1847K [0x34230000, 0x34e30000, 0x38230000)
   the space 12288K,  15% used [0x34230000, 0x343fdc18, 0x343fde00, 0x34e30000)
    ro space 10240K,  45% used [0x38230000, 0x386b6280, 0x386b6400, 0x38c30000)
    rw space 12288K,  54% used [0x38c30000, 0x392b91b0, 0x392b9200, 0x39830000)
Event: 40.107 GC heap after
Heap after GC invocations=3 (full 0):
 def new generation   total 4928K, used 33K [0x24230000, 0x24780000, 0x29780000)
  eden space 4416K,   0% used [0x24230000, 0x24230000, 0x24680000)
  from space 512K,   6% used [0x24700000, 0x24708560, 0x24780000)
  to   space 512K,   0% used [0x24680000, 0x24680000, 0x24700000)
 tenured generation   total 10944K, used 1273K [0x29780000, 0x2a230000, 0x34230000)
   the space 10944K,  11% used [0x29780000, 0x298be770, 0x298be800, 0x2a230000)
 compacting perm gen  total 12288K, used 1847K [0x34230000, 0x34e30000, 0x38230000)
   the space 12288K,  15% used [0x34230000, 0x343fdc18, 0x343fde00, 0x34e30000)
    ro space 10240K,  45% used [0x38230000, 0x386b6280, 0x386b6400, 0x38c30000)
    rw space 12288K,  54% used [0x38c30000, 0x392b91b0, 0x392b9200, 0x39830000)
}
Event: 50.540 GC heap before
{Heap before GC invocations=3 (full 0):
 def new generation   total 4928K, used 4449K [0x24230000, 0x24780000, 0x29780000)
  eden space 4416K, 100% used [0x24230000, 0x24680000, 0x24680000)
  from space 512K,   6% used [0x24700000, 0x24708560, 0x24780000)
  to   space 512K,   0% used [0x24680000, 0x24680000, 0x24700000)
 tenured generation   total 10944K, used 1273K [0x29780000, 0x2a230000, 0x34230000)
   the space 10944K,  11% used [0x29780000, 0x298be770, 0x298be800, 0x2a230000)
 compacting perm gen  total 12288K, used 1848K [0x34230000, 0x34e30000, 0x38230000)
   the space 12288K,  15% used [0x34230000, 0x343fe0e0, 0x343fe200, 0x34e30000)
    ro space 10240K,  45% used [0x38230000, 0x386b6280, 0x386b6400, 0x38c30000)
    rw space 12288K,  54% used [0x38c30000, 0x392b91b0, 0x392b9200, 0x39830000)
Event: 50.541 GC heap after
Heap after GC invocations=4 (full 0):
 def new generation   total 4928K, used 53K [0x24230000, 0x24780000, 0x29780000)
  eden space 4416K,   0% used [0x24230000, 0x24230000, 0x24680000)
  from space 512K,  10% used [0x24680000, 0x2468d540, 0x24700000)
  to   space 512K,   0% used [0x24700000, 0x24700000, 0x24780000)
 tenured generation   total 10944K, used 1273K [0x29780000, 0x2a230000, 0x34230000)
   the space 10944K,  11% used [0x29780000, 0x298be770, 0x298be800, 0x2a230000)
 compacting perm gen  total 12288K, used 1848K [0x34230000, 0x34e30000, 0x38230000)
   the space 12288K,  15% used [0x34230000, 0x343fe0e0, 0x343fe200, 0x34e30000)
    ro space 10240K,  45% used [0x38230000, 0x386b6280, 0x386b6400, 0x38c30000)
    rw space 12288K,  54% used [0x38c30000, 0x392b91b0, 0x392b9200, 0x39830000)
}
Event: 85.568 GC heap before
{Heap before GC invocations=4 (full 0):
 def new generation   total 4928K, used 4469K [0x24230000, 0x24780000, 0x29780000)
  eden space 4416K, 100% used [0x24230000, 0x24680000, 0x24680000)
  from space 512K,  10% used [0x24680000, 0x2468d540, 0x24700000)
  to   space 512K,   0% used [0x24700000, 0x24700000, 0x24780000)
 tenured generation   total 10944K, used 1273K [0x29780000, 0x2a230000, 0x34230000)
   the space 10944K,  11% used [0x29780000, 0x298be770, 0x298be800, 0x2a230000)
 compacting perm gen  total 12288K, used 1848K [0x34230000, 0x34e30000, 0x38230000)
   the space 12288K,  15% used [0x34230000, 0x343fe170, 0x343fe200, 0x34e30000)
    ro space 10240K,  45% used [0x38230000, 0x386b6280, 0x386b6400, 0x38c30000)
    rw space 12288K,  54% used [0x38c30000, 0x392b91b0, 0x392b9200, 0x39830000)
Event: 85.568 GC heap after
Heap after GC invocations=5 (full 0):
 def new generation   total 4928K, used 74K [0x24230000, 0x24780000, 0x29780000)
  eden space 4416K,   0% used [0x24230000, 0x24230000, 0x24680000)
  from space 512K,  14% used [0x24700000, 0x24712aa0, 0x24780000)
  to   space 512K,   0% used [0x24680000, 0x24680000, 0x24700000)
 tenured generation   total 10944K, used 1273K [0x29780000, 0x2a230000, 0x34230000)
   the space 10944K,  11% used [0x29780000, 0x298be770, 0x298be800, 0x2a230000)
 compacting perm gen  total 12288K, used 1848K [0x34230000, 0x34e30000, 0x38230000)
   the space 12288K,  15% used [0x34230000, 0x343fe170, 0x343fe200, 0x34e30000)
    ro space 10240K,  45% used [0x38230000, 0x386b6280, 0x386b6400, 0x38c30000)
    rw space 12288K,  54% used [0x38c30000, 0x392b91b0, 0x392b9200, 0x39830000)
}
Event: 99.486 GC heap before
{Heap before GC invocations=5 (full 0):
 def new generation   total 4928K, used 4490K [0x24230000, 0x24780000, 0x29780000)
  eden space 4416K, 100% used [0x24230000, 0x24680000, 0x24680000)
  from space 512K,  14% used [0x24700000, 0x24712aa0, 0x24780000)
  to   space 512K,   0% used [0x24680000, 0x24680000, 0x24700000)
 tenured generation   total 10944K, used 1273K [0x29780000, 0x2a230000, 0x34230000)
   the space 10944K,  11% used [0x29780000, 0x298be770, 0x298be800, 0x2a230000)
 compacting perm gen  total 12288K, used 1937K [0x34230000, 0x34e30000, 0x38230000)
   the space 12288K,  15% used [0x34230000, 0x34414630, 0x34414800, 0x34e30000)
    ro space 10240K,  45% used [0x38230000, 0x386b6280, 0x386b6400, 0x38c30000)
    rw space 12288K,  54% used [0x38c30000, 0x392b91b0, 0x392b9200, 0x39830000)
Event: 99.487 GC heap after
Heap after GC invocations=6 (full 0):
 def new generation   total 4928K, used 238K [0x24230000, 0x24780000, 0x29780000)
  eden space 4416K,   0% used [0x24230000, 0x24230000, 0x24680000)
  from space 512K,  46% used [0x24680000, 0x246bb958, 0x24700000)
  to   space 512K,   0% used [0x24700000, 0x24700000, 0x24780000)
 tenured generation   total 10944K, used 1273K [0x29780000, 0x2a230000, 0x34230000)
   the space 10944K,  11% used [0x29780000, 0x298be770, 0x298be800, 0x2a230000)
 compacting perm gen  total 12288K, used 1937K [0x34230000, 0x34e30000, 0x38230000)
   the space 12288K,  15% used [0x34230000, 0x34414630, 0x34414800, 0x34e30000)
    ro space 10240K,  45% used [0x38230000, 0x386b6280, 0x386b6400, 0x38c30000)
    rw space 12288K,  54% used [0x38c30000, 0x392b91b0, 0x392b9200, 0x39830000)
}
Event: 110.610 GC heap before
{Heap before GC invocations=6 (full 0):
 def new generation   total 4928K, used 4654K [0x24230000, 0x24780000, 0x29780000)
  eden space 4416K, 100% used [0x24230000, 0x24680000, 0x24680000)
  from space 512K,  46% used [0x24680000, 0x246bb958, 0x24700000)
  to   space 512K,   0% used [0x24700000, 0x24700000, 0x24780000)
 tenured generation   total 10944K, used 1273K [0x29780000, 0x2a230000, 0x34230000)
   the space 10944K,  11% used [0x29780000, 0x298be770, 0x298be800, 0x2a230000)
 compacting perm gen  total 12288K, used 1939K [0x34230000, 0x34e30000, 0x38230000)
   the space 12288K,  15% used [0x34230000, 0x34414c70, 0x34414e00, 0x34e30000)
    ro space 10240K,  45% used [0x38230000, 0x386b6280, 0x386b6400, 0x38c30000)
    rw space 12288K,  54% used [0x38c30000, 0x392b91b0, 0x392b9200, 0x39830000)
Event: 110.611 GC heap after
Heap after GC invocations=7 (full 0):
 def new generation   total 4928K, used 217K [0x24230000, 0x24780000, 0x29780000)
  eden space 4416K,   0% used [0x24230000, 0x24230000, 0x24680000)
  from space 512K,  42% used [0x24700000, 0x247367e0, 0x24780000)
  to   space 512K,   0% used [0x24680000, 0x24680000, 0x24700000)
 tenured generation   total 10944K, used 1273K [0x29780000, 0x2a230000, 0x34230000)
   the space 10944K,  11% used [0x29780000, 0x298be770, 0x298be800, 0x2a230000)
 compacting perm gen  total 12288K, used 1939K [0x34230000, 0x34e30000, 0x38230000)
   the space 12288K,  15% used [0x34230000, 0x34414c70, 0x34414e00, 0x34e30000)
    ro space 10240K,  45% used [0x38230000, 0x386b6280, 0x386b6400, 0x38c30000)
    rw space 12288K,  54% used [0x38c30000, 0x392b91b0, 0x392b9200, 0x39830000)
}

